[12/04/2018 15:43] JNeighbor(142872588207521792) deleted 10000000000 messages in channel streams
[12/04/2018 15:44] JNeighbor(142872588207521792) deleted 110 messages  made by MEE6(159985870458322944) in channel streams
[12/04/2018 15:44] JNeighbor(142872588207521792) deleted 15 messages in channel streams
[12/04/2018 15:45] JNeighbor(142872588207521792) deleted 10 messages in channel streams
[12/04/2018 15:45] JNeighbor(142872588207521792) deleted 8 messages in channel streams
[12/04/2018 15:45] JNeighbor(142872588207521792) deleted 10 messages in channel streams
[12/04/2018 22:24] JNeighbor(142872588207521792) deleted 21 messages  made by Neighbor(433789336232656898) in channel general
[12/04/2018 22:25] JNeighbor(142872588207521792) deleted 10 messages in channel general
[14/04/2018 13:05] JNeighbor(142872588207521792) deleted 9 messages  made by JNeighbor(433789336232656898) in channel streams
[14/04/2018 13:05] JNeighbor(142872588207521792) deleted 10 messages  made by JNeighbor(142872588207521792) in channel streams
[14/04/2018 13:10] JNeighbor(142872588207521792) deleted 4 messages in channel streams
[16/04/2018 21:27] JNeighbor(142872588207521792) deleted 5 messages in channel announcements
[16/04/2018 21:29] JNeighbor(142872588207521792) deleted 6 messages  made by JNeighbor(433789336232656898) in channel announcements
[16/04/2018 21:29] JNeighbor(142872588207521792) deleted 5 messages in channel announcements
[23/04/2018 00:13] JNeighbor(142872588207521792) deleted 10 messages in channel streams
[13/07/2018 20:04] JNeighbor(142872588207521792) deleted 100 messages in channel streams
[13/07/2018 20:04] JNeighbor(142872588207521792) deleted 20 messages in channel streams
[13/07/2018 20:04] JNeighbor(142872588207521792) deleted 10 messages in channel streams
[16/07/2018 14:46] JNeighbor(142872588207521792) deleted 10 messages in channel rules
[16/07/2018 14:46] JNeighbor(142872588207521792) deleted 10 messages in channel rules
